<?xml version="1.0" encoding="UTF-8" ?>
<testsuite failures="1" time="18.802" errors="0" skipped="0" tests="1" name="TestSuite">
  <properties>
[...]
</properties>
  <testcase time="15.07" classname="com.softserveinc.mysecondproject.TestNgExample" name="VerifyOffersTitle">
    <failure message="Recent merchant&apos;s offer doesn&apos;t equal to offer displayed on the main page" type="java.lang.AssertionError">java.lang.AssertionError: Recent merchant&apos;s offer doesn&apos;t equal to offer displayed on the main page
	at org.junit.Assert.fail(Assert.java:88)
	at org.junit.Assert.assertTrue(Assert.java:41)
	at com.softserveinc.mysecondproject.TestNgExample.VerifyOffersTitle(TestNgExample.java:43)
</failure>
  </testcase>
</testsuite>