<?xml version="1.0" encoding="UTF-8"?>
<testsuite name="Command line test"
           tests="1"
           failures="1"
           errors="0"
           skipped="0"
           time="15.068">
  <properties />
            <testcase name="VerifyOffersTitle" time="15.068" classname="com.softserveinc.mysecondproject.TestNgExample">
                <failure type="java.lang.AssertionError"
                  message="Recent merchant&apos;s offer doesn&apos;t equal to offer displayed on the main page"
              >
<![CDATA[java.lang.AssertionError: Recent merchant's offer doesn't equal to offer displayed on the main page
  org.junit.Assert.fail(Assert.java:88)
  org.junit.Assert.assertTrue(Assert.java:41)
  com.softserveinc.mysecondproject.TestNgExample.VerifyOffersTitle(TestNgExample.java:43)
  sun.reflect.NativeMethodAccessorImpl.invoke0(Native Method)
  sun.reflect.NativeMethodAccessorImpl.invoke(NativeMethodAccessorImpl.java:39)
  sun.reflect.DelegatingMethodAccessorImpl.invoke(DelegatingMethodAccessorImpl.java:25)
  java.lang.reflect.Method.invoke(Method.java:597)
  org.testng.internal.MethodInvocationHelper.invokeMethod(MethodInvocationHelper.java:80)
  org.testng.internal.InvokeMethodRunnable.runOne(InvokeMethodRunnable.java:46)
  org.testng.internal.InvokeMethodRunnable.run(InvokeMethodRunnable.java:37)
  java.util.concurrent.Executors$RunnableAdapter.call(Executors.java:439)
  java.util.concurrent.FutureTask$Sync.innerRun(FutureTask.java:303)
  java.util.concurrent.FutureTask.run(FutureTask.java:138)
  java.util.concurrent.ThreadPoolExecutor$Worker.runTask(ThreadPoolExecutor.java:895)
  java.util.concurrent.ThreadPoolExecutor$Worker.run(ThreadPoolExecutor.java:918)
  java.lang.Thread.run(Thread.java:662)
]]>
      </failure>

          </testcase>
  
  
  
</testsuite>
